[2024-04-02 15:04:56,404] multiqc                                            [DEBUG  ]  This is MultiQC v1.12
[2024-04-02 15:04:56,404] multiqc                                            [DEBUG  ]  No MultiQC config found: /sw/bioinfo/MultiQC/1.12/rackham/lib/python3.8/site-packages/multiqc_config.yaml
[2024-04-02 15:04:56,404] multiqc                                            [DEBUG  ]  No MultiQC config found: /home/samhur/.multiqc_config.yaml
[2024-04-02 15:04:56,413] multiqc                                            [DEBUG  ]  No MultiQC config found: multiqc_config.yaml
[2024-04-02 15:04:56,413] multiqc                                            [DEBUG  ]  Command used: /sw/bioinfo/MultiQC/1.12/snowy/bin/multiqc /home/samhur/1MB462-GenomeAnalysis/data/metadata/QC/genomics_data -o /home/samhur/1MB462-GenomeAnalysis/data/metadata/QC/genomics_data/Aggr -p -v -f
[2024-04-02 15:04:56,701] multiqc                                            [WARNING]  MultiQC Version v1.21 now available!
[2024-04-02 15:04:56,701] multiqc                                            [DEBUG  ]  Command     : /sw/bioinfo/MultiQC/1.12/snowy/bin/multiqc /home/samhur/1MB462-GenomeAnalysis/data/metadata/QC/genomics_data -o /home/samhur/1MB462-GenomeAnalysis/data/metadata/QC/genomics_data/Aggr -p -v -f
[2024-04-02 15:04:56,701] multiqc                                            [DEBUG  ]  Working dir : /domus/h1/samhur/1MB462-GenomeAnalysis/code
[2024-04-02 15:04:56,701] multiqc                                            [DEBUG  ]  Template    : default
[2024-04-02 15:04:56,701] multiqc                                            [DEBUG  ]  Running Python 3.8.7 (default, Feb  1 2021, 11:54:01)  [GCC 8.3.0]
[2024-04-02 15:04:56,702] multiqc                                            [DEBUG  ]  Analysing modules: custom_content, ccs, ngsderive, purple, conpair, lima, peddy, somalier, methylQA, mosdepth, phantompeakqualtools, qualimap, preseq, quast, qorts, rna_seqc, rockhopper, rsem, rseqc, busco, bustools, goleft_indexcov, gffcompare, disambiguate, supernova, deeptools, sargasso, verifybamid, mirtrace, happy, mirtop, sambamba, homer, hops, macs2, theta2, snpeff, gatk, htseq, bcftools, featureCounts, fgbio, dragen, dedup, pbmarkdup, damageprofiler, biobambam2, jcvi, mtnucratio, picard, vep, sentieon, prokka, qc3C, nanostat, samblaster, samtools, sexdeterrmine, eigenstratdatabasetools, bamtools, jellyfish, vcftools, longranger, stacks, varscan2, snippy, bbmap, bismark, biscuit, hicexplorer, hicup, hicpro, salmon, kallisto, slamdunk, star, hisat2, tophat, bowtie2, bowtie1, snpsplit, odgi, pangolin, kat, leehom, adapterRemoval, clipandmerge, cutadapt, flexbar, kaiju, kraken, malt, trimmomatic, sickle, skewer, sortmerna, biobloomtools, fastq_screen, afterqc, fastp, fastqc, pychopper, pycoqc, minionqc, multivcfanalyzer, clusterflow, checkqc, bcl2fastq, bclconvert, interop, ivar, flash, seqyclean, optitype, whatshap
[2024-04-02 15:04:56,702] multiqc                                            [DEBUG  ]  Using temporary directory for creating report: /scratch/9246940/tmpxk0tuq1w
[2024-04-02 15:04:56,866] multiqc                                            [INFO   ]  Search path : /home/samhur/1MB462-GenomeAnalysis/data/metadata/QC/genomics_data
[2024-04-02 15:04:56,876] multiqc                                            [DEBUG  ]  Ignoring directory as matched fn_ignore_dirs: /home/samhur/1MB462-GenomeAnalysis/data/metadata/QC/genomics_data/Aggr/multiqc_data
[2024-04-02 15:04:56,920] multiqc                                            [DEBUG  ]  File ignored by ccs/v4 because it exceeded search pattern filesize limit: E745-1.L500_SZAXPI015146-56_2_clean_fastqc.html
[2024-04-02 15:04:56,926] multiqc                                            [DEBUG  ]  File ignored by hicexplorer because it exceeded search pattern filesize limit: E745-1.L500_SZAXPI015146-56_2_clean_fastqc.html
[2024-04-02 15:04:56,926] multiqc                                            [DEBUG  ]  File ignored by lima/summary because it exceeded search pattern filesize limit: E745-1.L500_SZAXPI015146-56_2_clean_fastqc.html
[2024-04-02 15:04:56,936] multiqc                                            [DEBUG  ]  File ignored by vep/vep_txt because it exceeded search pattern filesize limit: E745-1.L500_SZAXPI015146-56_2_clean_fastqc.html
[2024-04-02 15:04:56,936] multiqc                                            [DEBUG  ]  File ignored by longranger/invocation because it exceeded search pattern filesize limit: E745-1.L500_SZAXPI015146-56_2_clean_fastqc.html
[2024-04-02 15:04:56,991] multiqc                                            [DEBUG  ]  File ignored by nanostat because it exceeded search pattern filesize limit: E745-1.L500_SZAXPI015146-56_2_clean_fastqc.html
[2024-04-02 15:04:57,005] multiqc                                            [DEBUG  ]  File ignored by ccs/v4 because it exceeded search pattern filesize limit: E745-1.L500_SZAXPI015146-56_1_clean_fastqc.html
[2024-04-02 15:04:57,010] multiqc                                            [DEBUG  ]  File ignored by hicexplorer because it exceeded search pattern filesize limit: E745-1.L500_SZAXPI015146-56_1_clean_fastqc.html
[2024-04-02 15:04:57,010] multiqc                                            [DEBUG  ]  File ignored by lima/summary because it exceeded search pattern filesize limit: E745-1.L500_SZAXPI015146-56_1_clean_fastqc.html
[2024-04-02 15:04:57,019] multiqc                                            [DEBUG  ]  File ignored by vep/vep_txt because it exceeded search pattern filesize limit: E745-1.L500_SZAXPI015146-56_1_clean_fastqc.html
[2024-04-02 15:04:57,019] multiqc                                            [DEBUG  ]  File ignored by longranger/invocation because it exceeded search pattern filesize limit: E745-1.L500_SZAXPI015146-56_1_clean_fastqc.html
[2024-04-02 15:04:57,071] multiqc                                            [DEBUG  ]  File ignored by nanostat because it exceeded search pattern filesize limit: E745-1.L500_SZAXPI015146-56_1_clean_fastqc.html
[2024-04-02 15:04:57,085] multiqc                                            [DEBUG  ]  File ignored by ccs/v4 because it exceeded search pattern filesize limit: m131024_200535_42174_c100563672550000001823084212221342_s1_p0.3.subreads_fastqc.html
[2024-04-02 15:04:57,090] multiqc                                            [DEBUG  ]  File ignored by hicexplorer because it exceeded search pattern filesize limit: m131024_200535_42174_c100563672550000001823084212221342_s1_p0.3.subreads_fastqc.html
[2024-04-02 15:04:57,091] multiqc                                            [DEBUG  ]  File ignored by lima/summary because it exceeded search pattern filesize limit: m131024_200535_42174_c100563672550000001823084212221342_s1_p0.3.subreads_fastqc.html
[2024-04-02 15:04:57,099] multiqc                                            [DEBUG  ]  File ignored by vep/vep_txt because it exceeded search pattern filesize limit: m131024_200535_42174_c100563672550000001823084212221342_s1_p0.3.subreads_fastqc.html
[2024-04-02 15:04:57,099] multiqc                                            [DEBUG  ]  File ignored by longranger/invocation because it exceeded search pattern filesize limit: m131024_200535_42174_c100563672550000001823084212221342_s1_p0.3.subreads_fastqc.html
[2024-04-02 15:04:57,148] multiqc                                            [DEBUG  ]  File ignored by nanostat because it exceeded search pattern filesize limit: m131024_200535_42174_c100563672550000001823084212221342_s1_p0.3.subreads_fastqc.html
[2024-04-02 15:04:57,163] multiqc                                            [DEBUG  ]  File ignored by ccs/v4 because it exceeded search pattern filesize limit: m131024_200535_42174_c100563672550000001823084212221342_s1_p0.1.subreads_fastqc.html
[2024-04-02 15:04:57,167] multiqc                                            [DEBUG  ]  File ignored by hicexplorer because it exceeded search pattern filesize limit: m131024_200535_42174_c100563672550000001823084212221342_s1_p0.1.subreads_fastqc.html
[2024-04-02 15:04:57,168] multiqc                                            [DEBUG  ]  File ignored by lima/summary because it exceeded search pattern filesize limit: m131024_200535_42174_c100563672550000001823084212221342_s1_p0.1.subreads_fastqc.html
[2024-04-02 15:04:57,176] multiqc                                            [DEBUG  ]  File ignored by vep/vep_txt because it exceeded search pattern filesize limit: m131024_200535_42174_c100563672550000001823084212221342_s1_p0.1.subreads_fastqc.html
[2024-04-02 15:04:57,177] multiqc                                            [DEBUG  ]  File ignored by longranger/invocation because it exceeded search pattern filesize limit: m131024_200535_42174_c100563672550000001823084212221342_s1_p0.1.subreads_fastqc.html
[2024-04-02 15:04:57,225] multiqc                                            [DEBUG  ]  File ignored by nanostat because it exceeded search pattern filesize limit: m131024_200535_42174_c100563672550000001823084212221342_s1_p0.1.subreads_fastqc.html
[2024-04-02 15:04:57,238] multiqc                                            [DEBUG  ]  File ignored by ccs/v4 because it exceeded search pattern filesize limit: m131024_200535_42174_c100563672550000001823084212221342_s1_p0.2.subreads_fastqc.html
[2024-04-02 15:04:57,243] multiqc                                            [DEBUG  ]  File ignored by hicexplorer because it exceeded search pattern filesize limit: m131024_200535_42174_c100563672550000001823084212221342_s1_p0.2.subreads_fastqc.html
[2024-04-02 15:04:57,243] multiqc                                            [DEBUG  ]  File ignored by lima/summary because it exceeded search pattern filesize limit: m131024_200535_42174_c100563672550000001823084212221342_s1_p0.2.subreads_fastqc.html
[2024-04-02 15:04:57,252] multiqc                                            [DEBUG  ]  File ignored by vep/vep_txt because it exceeded search pattern filesize limit: m131024_200535_42174_c100563672550000001823084212221342_s1_p0.2.subreads_fastqc.html
[2024-04-02 15:04:57,252] multiqc                                            [DEBUG  ]  File ignored by longranger/invocation because it exceeded search pattern filesize limit: m131024_200535_42174_c100563672550000001823084212221342_s1_p0.2.subreads_fastqc.html
[2024-04-02 15:04:57,301] multiqc                                            [DEBUG  ]  File ignored by nanostat because it exceeded search pattern filesize limit: m131024_200535_42174_c100563672550000001823084212221342_s1_p0.2.subreads_fastqc.html
[2024-04-02 15:04:57,315] multiqc                                            [DEBUG  ]  File ignored by ccs/v4 because it exceeded search pattern filesize limit: m131023_233432_42174_c100519312550000001823081209281335_s1_X0.1.subreads_fastqc.html
[2024-04-02 15:04:57,320] multiqc                                            [DEBUG  ]  File ignored by hicexplorer because it exceeded search pattern filesize limit: m131023_233432_42174_c100519312550000001823081209281335_s1_X0.1.subreads_fastqc.html
[2024-04-02 15:04:57,321] multiqc                                            [DEBUG  ]  File ignored by lima/summary because it exceeded search pattern filesize limit: m131023_233432_42174_c100519312550000001823081209281335_s1_X0.1.subreads_fastqc.html
[2024-04-02 15:04:57,329] multiqc                                            [DEBUG  ]  File ignored by vep/vep_txt because it exceeded search pattern filesize limit: m131023_233432_42174_c100519312550000001823081209281335_s1_X0.1.subreads_fastqc.html
[2024-04-02 15:04:57,330] multiqc                                            [DEBUG  ]  File ignored by longranger/invocation because it exceeded search pattern filesize limit: m131023_233432_42174_c100519312550000001823081209281335_s1_X0.1.subreads_fastqc.html
[2024-04-02 15:04:57,380] multiqc                                            [DEBUG  ]  File ignored by nanostat because it exceeded search pattern filesize limit: m131023_233432_42174_c100519312550000001823081209281335_s1_X0.1.subreads_fastqc.html
[2024-04-02 15:04:57,394] multiqc                                            [DEBUG  ]  File ignored by ccs/v4 because it exceeded search pattern filesize limit: m131023_233432_42174_c100519312550000001823081209281335_s1_X0.2.subreads_fastqc.html
[2024-04-02 15:04:57,399] multiqc                                            [DEBUG  ]  File ignored by hicexplorer because it exceeded search pattern filesize limit: m131023_233432_42174_c100519312550000001823081209281335_s1_X0.2.subreads_fastqc.html
[2024-04-02 15:04:57,399] multiqc                                            [DEBUG  ]  File ignored by lima/summary because it exceeded search pattern filesize limit: m131023_233432_42174_c100519312550000001823081209281335_s1_X0.2.subreads_fastqc.html
[2024-04-02 15:04:57,408] multiqc                                            [DEBUG  ]  File ignored by vep/vep_txt because it exceeded search pattern filesize limit: m131023_233432_42174_c100519312550000001823081209281335_s1_X0.2.subreads_fastqc.html
[2024-04-02 15:04:57,408] multiqc                                            [DEBUG  ]  File ignored by longranger/invocation because it exceeded search pattern filesize limit: m131023_233432_42174_c100519312550000001823081209281335_s1_X0.2.subreads_fastqc.html
[2024-04-02 15:04:57,458] multiqc                                            [DEBUG  ]  File ignored by nanostat because it exceeded search pattern filesize limit: m131023_233432_42174_c100519312550000001823081209281335_s1_X0.2.subreads_fastqc.html
[2024-04-02 15:04:57,473] multiqc                                            [DEBUG  ]  File ignored by ccs/v4 because it exceeded search pattern filesize limit: m131023_233432_42174_c100519312550000001823081209281335_s1_X0.3.subreads_fastqc.html
[2024-04-02 15:04:57,477] multiqc                                            [DEBUG  ]  File ignored by hicexplorer because it exceeded search pattern filesize limit: m131023_233432_42174_c100519312550000001823081209281335_s1_X0.3.subreads_fastqc.html
[2024-04-02 15:04:57,478] multiqc                                            [DEBUG  ]  File ignored by lima/summary because it exceeded search pattern filesize limit: m131023_233432_42174_c100519312550000001823081209281335_s1_X0.3.subreads_fastqc.html
[2024-04-02 15:04:57,487] multiqc                                            [DEBUG  ]  File ignored by vep/vep_txt because it exceeded search pattern filesize limit: m131023_233432_42174_c100519312550000001823081209281335_s1_X0.3.subreads_fastqc.html
[2024-04-02 15:04:57,487] multiqc                                            [DEBUG  ]  File ignored by longranger/invocation because it exceeded search pattern filesize limit: m131023_233432_42174_c100519312550000001823081209281335_s1_X0.3.subreads_fastqc.html
[2024-04-02 15:04:57,536] multiqc                                            [DEBUG  ]  File ignored by nanostat because it exceeded search pattern filesize limit: m131023_233432_42174_c100519312550000001823081209281335_s1_X0.3.subreads_fastqc.html
[2024-04-02 15:04:57,613] multiqc                                            [DEBUG  ]  File ignored by ccs/v4 because it exceeded search pattern filesize limit: multiqc_report.html
[2024-04-02 15:04:57,617] multiqc                                            [DEBUG  ]  File ignored by hicexplorer because it exceeded search pattern filesize limit: multiqc_report.html
[2024-04-02 15:04:57,618] multiqc                                            [DEBUG  ]  File ignored by lima/summary because it exceeded search pattern filesize limit: multiqc_report.html
[2024-04-02 15:04:57,628] multiqc                                            [DEBUG  ]  File ignored by vep/vep_html because it exceeded search pattern filesize limit: multiqc_report.html
[2024-04-02 15:04:57,628] multiqc                                            [DEBUG  ]  File ignored by vep/vep_txt because it exceeded search pattern filesize limit: multiqc_report.html
[2024-04-02 15:04:57,628] multiqc                                            [DEBUG  ]  File ignored by longranger/invocation because it exceeded search pattern filesize limit: multiqc_report.html
[2024-04-02 15:04:57,628] multiqc                                            [DEBUG  ]  File ignored by rockhopper because it exceeded search pattern filesize limit: multiqc_report.html
[2024-04-02 15:04:57,628] multiqc                                            [DEBUG  ]  File ignored by rseqc/bam_stat because it exceeded search pattern filesize limit: multiqc_report.html
[2024-04-02 15:04:57,628] multiqc                                            [DEBUG  ]  File ignored by rseqc/junction_annotation because it exceeded search pattern filesize limit: multiqc_report.html
[2024-04-02 15:04:57,629] multiqc                                            [DEBUG  ]  File ignored by rseqc/read_distribution because it exceeded search pattern filesize limit: multiqc_report.html
[2024-04-02 15:04:57,629] multiqc                                            [DEBUG  ]  File ignored by rseqc/infer_experiment because it exceeded search pattern filesize limit: multiqc_report.html
[2024-04-02 15:04:57,634] multiqc                                            [DEBUG  ]  File ignored by stacks/sumstats because it exceeded search pattern filesize limit: multiqc_report.html
[2024-04-02 15:04:57,874] multiqc                                            [DEBUG  ]  File ignored by nanostat because it exceeded search pattern filesize limit: multiqc_report.html
[2024-04-02 15:04:57,918] multiqc                                            [DEBUG  ]  Ignoring file as matched an ignore pattern: mqc_fastqc_per_sequence_gc_content_plot_Percentages.pdf
[2024-04-02 15:04:57,919] multiqc                                            [DEBUG  ]  Ignoring file as matched an ignore pattern: mqc_fastqc_sequence_counts_plot_1.pdf
[2024-04-02 15:04:57,919] multiqc                                            [DEBUG  ]  Ignoring file as matched an ignore pattern: mqc_fastqc_sequence_duplication_levels_plot_1.pdf
[2024-04-02 15:04:57,919] multiqc                                            [DEBUG  ]  Ignoring file as matched an ignore pattern: mqc_fastqc_per_base_n_content_plot_1.pdf
[2024-04-02 15:04:57,919] multiqc                                            [DEBUG  ]  Ignoring file as matched an ignore pattern: mqc_fastqc_per_sequence_gc_content_plot_Counts.pdf
[2024-04-02 15:04:57,919] multiqc                                            [DEBUG  ]  Ignoring file as matched an ignore pattern: mqc_fastqc_per_base_sequence_quality_plot_1.pdf
[2024-04-02 15:04:57,919] multiqc                                            [DEBUG  ]  Ignoring file as matched an ignore pattern: mqc_fastqc_per_sequence_quality_scores_plot_1.pdf
[2024-04-02 15:04:57,920] multiqc                                            [DEBUG  ]  Ignoring file as matched an ignore pattern: mqc_fastqc_sequence_length_distribution_plot_1.pdf
[2024-04-02 15:04:57,920] multiqc                                            [DEBUG  ]  Ignoring file as matched an ignore pattern: mqc_fastqc_sequence_counts_plot_1_pc.pdf
[2024-04-02 15:04:58,348] multiqc.plots.linegraph                            [DEBUG  ]  Using matplotlib version 3.3.4
[2024-04-02 15:04:58,349] multiqc.plots.bargraph                             [DEBUG  ]  Using matplotlib version 3.3.4
[2024-04-02 15:04:58,485] multiqc.modules.fastqc.fastqc                      [INFO   ]  Found 8 reports
[2024-04-02 15:05:13,235] multiqc                                            [INFO   ]  Compressing plot data
[2024-04-02 15:05:13,389] multiqc                                            [WARNING]  Deleting    : ../../../../../home/samhur/1MB462-GenomeAnalysis/data/metadata/QC/genomics_data/Aggr/multiqc_report.html   (-f was specified)
[2024-04-02 15:05:13,391] multiqc                                            [WARNING]  Deleting    : ../../../../../home/samhur/1MB462-GenomeAnalysis/data/metadata/QC/genomics_data/Aggr/multiqc_data   (-f was specified)
[2024-04-02 15:05:13,398] multiqc                                            [WARNING]  Deleting    : ../../../../../home/samhur/1MB462-GenomeAnalysis/data/metadata/QC/genomics_data/Aggr/multiqc_plots   (-f was specified)
[2024-04-02 15:05:13,411] multiqc                                            [INFO   ]  Report      : ../../../../../home/samhur/1MB462-GenomeAnalysis/data/metadata/QC/genomics_data/Aggr/multiqc_report.html
[2024-04-02 15:05:13,411] multiqc                                            [INFO   ]  Data        : ../../../../../home/samhur/1MB462-GenomeAnalysis/data/metadata/QC/genomics_data/Aggr/multiqc_data
[2024-04-02 15:05:13,411] multiqc                                            [DEBUG  ]  Moving data file from '/scratch/9246940/tmpxk0tuq1w/multiqc_data' to '/home/samhur/1MB462-GenomeAnalysis/data/metadata/QC/genomics_data/Aggr/multiqc_data'
[2024-04-02 15:05:13,434] multiqc                                            [INFO   ]  Plots       : ../../../../../home/samhur/1MB462-GenomeAnalysis/data/metadata/QC/genomics_data/Aggr/multiqc_plots
[2024-04-02 15:05:13,434] multiqc                                            [DEBUG  ]  Moving plots directory from '/scratch/9246940/tmpxk0tuq1w/multiqc_plots' to '/home/samhur/1MB462-GenomeAnalysis/data/metadata/QC/genomics_data/Aggr/multiqc_plots'
[2024-04-02 15:05:13,669] multiqc                                            [INFO   ]  MultiQC complete
